{"numTotalTestSuites":7,"numPassedTestSuites":7,"numFailedTestSuites":0,"numPendingTestSuites":0,"numTotalTests":16,"numPassedTests":16,"numFailedTests":0,"numPendingTests":0,"numTodoTests":0,"snapshot":{"added":0,"failure":false,"filesAdded":0,"filesRemoved":0,"filesRemovedList":[],"filesUnmatched":0,"filesUpdated":0,"matched":0,"total":0,"unchecked":0,"uncheckedKeysByFile":[],"unmatched":0,"updated":0,"didUpdate":false},"startTime":1777138919513,"success":true,"testResults":[{"assertionResults":[{"ancestorTitles":["Structured Data (Schema) Integrity","Data Requirements for Schema"],"fullName":"Structured Data (Schema) Integrity Data Requirements for Schema every post must have a valid offer price (>= 0)","status":"passed","title":"every post must have a valid offer price (>= 0)","duration":2.380200000000059,"failureMessages":[],"meta":{},"tags":[]},{"ancestorTitles":["Structured Data (Schema) Integrity","Data Requirements for Schema"],"fullName":"Structured Data (Schema) Integrity Data Requirements for Schema every post must have at least 3 steps for the HowTo schema","status":"passed","title":"every post must have at least 3 steps for the HowTo schema","duration":0.34649999999965075,"failureMessages":[],"meta":{},"tags":[]},{"ancestorTitles":["Structured Data (Schema) Integrity","Data Requirements for Schema"],"fullName":"Structured Data (Schema) Integrity Data Requirements for Schema every post must have a non-empty brand name","status":"passed","title":"every post must have a non-empty brand name","duration":0.2901000000001659,"failureMessages":[],"meta":{},"tags":[]},{"ancestorTitles":["Structured Data (Schema) Integrity","Data Requirements for Schema"],"fullName":"Structured Data (Schema) Integrity Data Requirements for Schema every post must have a meta description that is not just the summary","status":"passed","title":"every post must have a meta description that is not just the summary","duration":1.176300000000083,"failureMessages":[],"meta":{},"tags":[]},{"ancestorTitles":["Structured Data (Schema) Integrity","Schema Generator Logic"],"fullName":"Structured Data (Schema) Integrity Schema Generator Logic getHowToSchema generates valid HowTo structure","status":"passed","title":"getHowToSchema generates valid HowTo structure","duration":0.40810000000010405,"failureMessages":[],"meta":{},"tags":[]},{"ancestorTitles":["Structured Data (Schema) Integrity","Schema Generator Logic"],"fullName":"Structured Data (Schema) Integrity Schema Generator Logic getOfferSchema uses Product + Offer for all categories","status":"passed","title":"getOfferSchema uses Product + Offer for all categories","duration":0.4277999999999338,"failureMessages":[],"meta":{},"tags":[]},{"ancestorTitles":["Structured Data (Schema) Integrity","Schema Generator Logic"],"fullName":"Structured Data (Schema) Integrity Schema Generator Logic getFaqSchema maps all post FAQs correctly","status":"passed","title":"getFaqSchema maps all post FAQs correctly","duration":0.5360000000000582,"failureMessages":[],"meta":{},"tags":[]},{"ancestorTitles":["Structured Data (Schema) Integrity","Schema Generator Logic"],"fullName":"Structured Data (Schema) Integrity Schema Generator Logic getFaqSchema generates correct referral code/link FAQ based on single code, multiple codes, or links","status":"passed","title":"getFaqSchema generates correct referral code/link FAQ based on single code, multiple codes, or links","duration":0.9181000000003223,"failureMessages":[],"meta":{},"tags":[]},{"ancestorTitles":["Structured Data (Schema) Integrity","Schema Generator Logic"],"fullName":"Structured Data (Schema) Integrity Schema Generator Logic getItemListSchema correctly assigns positions","status":"passed","title":"getItemListSchema correctly assigns positions","duration":0.9861999999998261,"failureMessages":[],"meta":{},"tags":[]},{"ancestorTitles":["Structured Data (Schema) Integrity","Schema Generator Logic"],"fullName":"Structured Data (Schema) Integrity Schema Generator Logic getFullGraphSchema generates a valid linked @graph","status":"passed","title":"getFullGraphSchema generates a valid linked @graph","duration":1.4778000000001157,"failureMessages":[],"meta":{},"tags":[]},{"ancestorTitles":["Structured Data (Schema) Integrity","Cross-Linking Entity Checks"],"fullName":"Structured Data (Schema) Integrity Cross-Linking Entity Checks Organization schema has a stable @id","status":"passed","title":"Organization schema has a stable @id","duration":0.22550000000001091,"failureMessages":[],"meta":{},"tags":[]}],"startTime":1777138921967,"endTime":1777138921976.4778,"status":"passed","message":"","name":"C:/ReferralVerse/app/__tests__/schema.test.ts"},{"assertionResults":[{"ancestorTitles":["SEO Metadata and Content Integrity"],"fullName":"SEO Metadata and Content Integrity every post must have a unique slug","status":"passed","title":"every post must have a unique slug","duration":1.7062999999998283,"failureMessages":[],"meta":{},"tags":[]},{"ancestorTitles":["SEO Metadata and Content Integrity"],"fullName":"SEO Metadata and Content Integrity every post must have a meta description between 120 and 165 characters","status":"passed","title":"every post must have a meta description between 120 and 165 characters","duration":0.9126999999998588,"failureMessages":[],"meta":{},"tags":[]},{"ancestorTitles":["SEO Metadata and Content Integrity"],"fullName":"SEO Metadata and Content Integrity every post must have a title starting with the brand name or containing it","status":"passed","title":"every post must have a title starting with the brand name or containing it","duration":0.4733000000001084,"failureMessages":[],"meta":{},"tags":[]},{"ancestorTitles":["SEO Metadata and Content Integrity"],"fullName":"SEO Metadata and Content Integrity all referral images must exist in the public folder (referenced logic)","status":"passed","title":"all referral images must exist in the public folder (referenced logic)","duration":0.19689999999991414,"failureMessages":[],"meta":{},"tags":[]},{"ancestorTitles":["SEO Metadata and Content Integrity"],"fullName":"SEO Metadata and Content Integrity every post must have at least 3 FAQ items","status":"passed","title":"every post must have at least 3 FAQ items","duration":0.30490000000008877,"failureMessages":[],"meta":{},"tags":[]}],"startTime":1777138921951,"endTime":1777138921955.305,"status":"passed","message":"","name":"C:/ReferralVerse/app/__tests__/seo.test.ts"}]}